
  .   ____          _            __ _ _
 /\\ / ___'_ __ _ _(_)_ __  __ _ \ \ \ \
( ( )\___ | '_ | '_| | '_ \/ _` | \ \ \ \
 \\/  ___)| |_)| | | | | || (_| |  ) ) ) )
  '  |____| .__|_| |_|_| |_\__, | / / / /
 =========|_|==============|___/=/_/_/_/

 :: Spring Boot ::                (v3.5.8)

2025-11-20T19:13:01.666-03:00  INFO 19680 --- [levelupgamer] [           main] c.e.l.LevelupgamerApplication            : Starting LevelupgamerApplication v0.0.1-SNAPSHOT using Java 17.0.12 with PID 19680 (C:\Users\Marco Montes\Pictures\levelupgamer\target\levelupgamer-0.0.1-SNAPSHOT.jar started by Marco Montes in C:\Users\Marco Montes\Pictures\levelupgamer)
2025-11-20T19:13:01.674-03:00  INFO 19680 --- [levelupgamer] [           main] c.e.l.LevelupgamerApplication            : No active profile set, falling back to 1 default profile: "default"
2025-11-20T19:13:03.198-03:00  INFO 19680 --- [levelupgamer] [           main] .s.d.r.c.RepositoryConfigurationDelegate : Bootstrapping Spring Data JPA repositories in DEFAULT mode.
2025-11-20T19:13:03.322-03:00  INFO 19680 --- [levelupgamer] [           main] .s.d.r.c.RepositoryConfigurationDelegate : Finished Spring Data repository scanning in 100 ms. Found 4 JPA repository interfaces.
2025-11-20T19:13:04.690-03:00  INFO 19680 --- [levelupgamer] [           main] o.s.b.w.embedded.tomcat.TomcatWebServer  : Tomcat initialized with port 8080 (http)
2025-11-20T19:13:04.714-03:00  INFO 19680 --- [levelupgamer] [           main] o.apache.catalina.core.StandardService   : Starting service [Tomcat]
2025-11-20T19:13:04.716-03:00  INFO 19680 --- [levelupgamer] [           main] o.apache.catalina.core.StandardEngine    : Starting Servlet engine: [Apache Tomcat/10.1.49]
2025-11-20T19:13:04.767-03:00  INFO 19680 --- [levelupgamer] [           main] o.a.c.c.C.[Tomcat].[localhost].[/]       : Initializing Spring embedded WebApplicationContext
2025-11-20T19:13:04.770-03:00  INFO 19680 --- [levelupgamer] [           main] w.s.c.ServletWebServerApplicationContext : Root WebApplicationContext: initialization completed in 3013 ms
2025-11-20T19:13:05.165-03:00  INFO 19680 --- [levelupgamer] [           main] o.hibernate.jpa.internal.util.LogHelper  : HHH000204: Processing PersistenceUnitInfo [name: default]
2025-11-20T19:13:05.265-03:00  INFO 19680 --- [levelupgamer] [           main] org.hibernate.Version                    : HHH000412: Hibernate ORM core version 6.6.36.Final
2025-11-20T19:13:05.362-03:00  INFO 19680 --- [levelupgamer] [           main] o.h.c.internal.RegionFactoryInitiator    : HHH000026: Second-level cache disabled
2025-11-20T19:13:05.861-03:00  INFO 19680 --- [levelupgamer] [           main] o.s.o.j.p.SpringPersistenceUnitInfo      : No LoadTimeWeaver setup: ignoring JPA class transformer
2025-11-20T19:13:05.926-03:00  INFO 19680 --- [levelupgamer] [           main] com.zaxxer.hikari.HikariDataSource       : HikariPool-1 - Starting...
2025-11-20T19:13:05.936-03:00  WARN 19680 --- [levelupgamer] [           main] c.zaxxer.hikari.util.DriverDataSource    : Registered driver with driverClassName=oracle.jdbc.driver.OracleDriver was not found, trying direct instantiation.
2025-11-20T19:13:06.533-03:00  INFO 19680 --- [levelupgamer] [           main] com.zaxxer.hikari.pool.HikariPool        : HikariPool-1 - Added connection oracle.jdbc.driver.T4CConnection@48632f69
2025-11-20T19:13:06.537-03:00  INFO 19680 --- [levelupgamer] [           main] com.zaxxer.hikari.HikariDataSource       : HikariPool-1 - Start completed.
2025-11-20T19:13:06.814-03:00  WARN 19680 --- [levelupgamer] [           main] org.hibernate.orm.deprecation            : HHH90000025: OracleDialect does not need to be specified explicitly using 'hibernate.dialect' (remove the property setting and it will be selected by default)
2025-11-20T19:13:06.871-03:00  INFO 19680 --- [levelupgamer] [           main] org.hibernate.orm.connections.pooling    : HHH10001005: Database info:
	Database JDBC URL [Connecting through datasource 'HikariDataSource (HikariPool-1)']
	Database driver: undefined/unknown
	Database version: 21.0
	Autocommit mode: undefined/unknown
	Isolation level: undefined/unknown
	Minimum pool size: undefined/unknown
	Maximum pool size: undefined/unknown
2025-11-20T19:13:08.267-03:00  INFO 19680 --- [levelupgamer] [           main] o.h.e.t.j.p.i.JtaPlatformInitiator       : HHH000489: No JTA platform available (set 'hibernate.transaction.jta.platform' to enable JTA platform integration)
2025-11-20T19:13:08.544-03:00  INFO 19680 --- [levelupgamer] [           main] j.LocalContainerEntityManagerFactoryBean : Initialized JPA EntityManagerFactory for persistence unit 'default'
2025-11-20T19:13:09.184-03:00  INFO 19680 --- [levelupgamer] [           main] r$InitializeUserDetailsManagerConfigurer : Global AuthenticationManager configured with UserDetailsService bean with name customUserDetailsService
2025-11-20T19:13:09.442-03:00  WARN 19680 --- [levelupgamer] [           main] JpaBaseConfiguration$JpaWebConfiguration : spring.jpa.open-in-view is enabled by default. Therefore, database queries may be performed during view rendering. Explicitly configure spring.jpa.open-in-view to disable this warning
2025-11-20T19:13:10.721-03:00  INFO 19680 --- [levelupgamer] [           main] o.s.b.w.embedded.tomcat.TomcatWebServer  : Tomcat started on port 8080 (http) with context path '/'
2025-11-20T19:13:10.748-03:00  INFO 19680 --- [levelupgamer] [           main] c.e.l.LevelupgamerApplication            : Started LevelupgamerApplication in 10.182 seconds (process running for 10.971)
2025-11-20T19:13:11.031-03:00  INFO 19680 --- [levelupgamer] [nio-8080-exec-1] o.a.c.c.C.[Tomcat].[localhost].[/]       : Initializing Spring DispatcherServlet 'dispatcherServlet'
2025-11-20T19:13:11.034-03:00  INFO 19680 --- [levelupgamer] [nio-8080-exec-1] o.s.web.servlet.DispatcherServlet        : Initializing Servlet 'dispatcherServlet'
2025-11-20T19:13:11.037-03:00  INFO 19680 --- [levelupgamer] [nio-8080-exec-1] o.s.web.servlet.DispatcherServlet        : Completed initialization in 2 ms
